2025-07-15 14:19:37 - Form submission from abc (abc@gmail.com) [EMAIL FAILED]
Subject: gsga
Message: sfd
--------------------------------------------------

2025-07-15 14:20:22 - Form submission from abc (abc@gmail.com) [EMAIL FAILED]
Subject: gsga
Message: ssq
--------------------------------------------------

2025-07-15 14:23:54 - Form submission from abc (abc@gmail.com)
Subject: gsga
Message: ssq
--------------------------------------------------

2025-07-15 14:24:16 - Form submission from abc (abc@gmail.com)
Subject: abc
Message: abc
--------------------------------------------------

2025-07-15 14:24:31 - Form submission from abc (abc@gmail.com)
Subject: gsga
Message: sfd
--------------------------------------------------

